<?xml version="1.0" encoding="UTF-8"?>
<!-- Generated by org.testng.reporters.JUnitXMLReporter -->
<testsuite ignored="0" hostname="DESKTOP-R3MPQ3E" failures="3" tests="5" name="Test-Runner-Firefox" time="262.205" errors="0" timestamp="2022-02-24T17:26:18 IST">
  <testcase classname="Pokerbazi.TBD007" name="tbd007" time="41.77"/>
  <testcase classname="Pokerbazi.TBD008" name="tbd008" time="34.705">
    <failure type="java.lang.AssertionError" message="unable to click on Proceed To Payment button">
      <![CDATA[java.lang.AssertionError: unable to click on Proceed To Payment button
at PokerBaziPom.PaymentModePage.clkOnProceedToPayment(PaymentModePage.java:143)
at Pokerbazi.TBD008.tbd008(TBD008.java:47)
at java.base/java.util.ArrayList.forEach(ArrayList.java:1511)
at java.base/java.util.concurrent.FutureTask.run(FutureTask.java:264)
at java.base/java.util.concurrent.ThreadPoolExecutor.runWorker(ThreadPoolExecutor.java:1136)
at java.base/java.util.concurrent.ThreadPoolExecutor$Worker.run(ThreadPoolExecutor.java:635)
at java.base/java.lang.Thread.run(Thread.java:833)
... Removed 19 stack frames]]>
    </failure>
  </testcase> <!-- tbd008 -->
  <testcase classname="Pokerbazi.TBD018" name="DepositLimit" time="18.164"/>
  <testcase classname="Pokerbazi.TBD023" name="TBD023" time="34.1">
    <failure type="java.lang.AssertionError" message="expected [The amount must be at least 100] but found []">
      <![CDATA[java.lang.AssertionError: expected [The amount must be at least 100] but found []
at PokerBaziPom.AddMoneyPage.varifyTheKycPage(AddMoneyPage.java:158)
at Pokerbazi.TBD023.TBD023(TBD023.java:46)
at java.base/java.util.ArrayList.forEach(ArrayList.java:1511)
at java.base/java.util.concurrent.FutureTask.run(FutureTask.java:264)
at java.base/java.util.concurrent.ThreadPoolExecutor.runWorker(ThreadPoolExecutor.java:1136)
at java.base/java.util.concurrent.ThreadPoolExecutor$Worker.run(ThreadPoolExecutor.java:635)
at java.base/java.lang.Thread.run(Thread.java:833)
... Removed 24 stack frames]]>
    </failure>
  </testcase> <!-- TBD023 -->
  <testcase classname="Pokerbazi.TBD025" name="TBD025" time="9.318">
    <failure type="java.lang.AssertionError" message="unable to click on cashier button ">
      <![CDATA[java.lang.AssertionError: unable to click on cashier button 
at PokerBaziPom.Dashboard_Page.cashierClk(Dashboard_Page.java:52)
at Pokerbazi.TBD025.TBD025(TBD025.java:35)
at java.base/java.util.ArrayList.forEach(ArrayList.java:1511)
at java.base/java.util.concurrent.FutureTask.run(FutureTask.java:264)
at java.base/java.util.concurrent.ThreadPoolExecutor.runWorker(ThreadPoolExecutor.java:1136)
at java.base/java.util.concurrent.ThreadPoolExecutor$Worker.run(ThreadPoolExecutor.java:635)
at java.base/java.lang.Thread.run(Thread.java:833)
... Removed 19 stack frames]]>
    </failure>
  </testcase> <!-- TBD025 -->
</testsuite> <!-- Test-Runner-Firefox -->
