<?xml version="1.0" encoding="UTF-8"?>
<!-- Generated by org.testng.reporters.JUnitXMLReporter -->
<testsuite ignored="0" hostname="DESKTOP-R3MPQ3E" failures="2" tests="6" name="Test-Runner-Chrome1" time="424.004" errors="0" timestamp="2022-02-24T17:28:59 IST">
  <testcase classname="Pokerbazi.TBD001" name="tbd001" time="45.977"/>
  <testcase classname="Pokerbazi.TBD002" name="tbd002" time="38.06">
    <failure type="java.lang.AssertionError" message="unable to click on Proceed To Payment button">
      <![CDATA[java.lang.AssertionError: unable to click on Proceed To Payment button
at PokerBaziPom.PaymentModePage.clkOnProceedToPayment(PaymentModePage.java:143)
at Pokerbazi.TBD002.tbd002(TBD002.java:46)
at java.base/java.util.ArrayList.forEach(ArrayList.java:1511)
at java.base/java.util.concurrent.FutureTask.run(FutureTask.java:264)
at java.base/java.util.concurrent.ThreadPoolExecutor.runWorker(ThreadPoolExecutor.java:1136)
at java.base/java.util.concurrent.ThreadPoolExecutor$Worker.run(ThreadPoolExecutor.java:635)
at java.base/java.lang.Thread.run(Thread.java:833)
... Removed 19 stack frames]]>
    </failure>
  </testcase> <!-- tbd002 -->
  <testcase classname="Pokerbazi.TBD003" name="tbd003" time="99.992"/>
  <testcase classname="Pokerbazi.TBD004" name="tbd004" time="44.72">
    <failure type="java.lang.AssertionError" message="Unable to click on Successful">
      <![CDATA[java.lang.AssertionError: Unable to click on Successful
at PokerBaziPom.PaymentModePage.clkStstusOption(PaymentModePage.java:259)
at Pokerbazi.TBD004.tbd004(TBD004.java:58)
at java.base/java.util.ArrayList.forEach(ArrayList.java:1511)
at java.base/java.util.concurrent.FutureTask.run(FutureTask.java:264)
at java.base/java.util.concurrent.ThreadPoolExecutor.runWorker(ThreadPoolExecutor.java:1136)
at java.base/java.util.concurrent.ThreadPoolExecutor$Worker.run(ThreadPoolExecutor.java:635)
at java.base/java.lang.Thread.run(Thread.java:833)
... Removed 19 stack frames]]>
    </failure>
  </testcase> <!-- tbd004 -->
  <testcase classname="Pokerbazi.TBD005" name="tbd005" time="30.178"/>
  <testcase classname="Pokerbazi.TBD006" name="tbd006" time="41.714"/>
</testsuite> <!-- Test-Runner-Chrome1 -->
