<?xml version="1.0" encoding="UTF-8"?>
<testng-results ignored="0" total="11" passed="6" failed="5" skipped="0">
  <reporter-output>
  </reporter-output>
  <suite started-at="2022-02-24T17:21:55 IST" name="Suite" finished-at="2022-02-24T17:28:59 IST" duration-ms="424004">
    <groups>
    </groups>
    <test started-at="2022-02-24T17:21:55 IST" name="Test-Runner-Firefox" finished-at="2022-02-24T17:26:17 IST" duration-ms="262205">
      <class name="Pokerbazi.TBD007">
        <test-method is-config="true" signature="openApp()[pri:0, instance:Pokerbazi.TBD007@11392934]" started-at="2022-02-24T17:21:56 IST" name="openApp" finished-at="2022-02-24T17:22:47 IST" duration-ms="51543" status="PASS">
          <reporter-output>
          </reporter-output>
        </test-method> <!-- openApp -->
        <test-method signature="tbd007()[pri:0, instance:Pokerbazi.TBD007@11392934]" started-at="2022-02-24T17:22:47 IST" name="tbd007" finished-at="2022-02-24T17:23:29 IST" duration-ms="41770" status="PASS">
          <reporter-output>
          </reporter-output>
        </test-method> <!-- tbd007 -->
        <test-method is-config="true" signature="closeApp()[pri:0, instance:Pokerbazi.TBD007@11392934]" started-at="2022-02-24T17:23:29 IST" name="closeApp" finished-at="2022-02-24T17:23:29 IST" duration-ms="0" status="PASS">
          <reporter-output>
          </reporter-output>
        </test-method> <!-- closeApp -->
      </class> <!-- Pokerbazi.TBD007 -->
      <class name="Pokerbazi.TBD018">
        <test-method is-config="true" signature="openApp()[pri:0, instance:Pokerbazi.TBD018@2e8c1c9b]" started-at="2022-02-24T17:24:39 IST" name="openApp" finished-at="2022-02-24T17:24:53 IST" duration-ms="13770" status="PASS">
          <reporter-output>
          </reporter-output>
        </test-method> <!-- openApp -->
        <test-method signature="DepositLimit()[pri:0, instance:Pokerbazi.TBD018@2e8c1c9b]" started-at="2022-02-24T17:24:53 IST" name="DepositLimit" finished-at="2022-02-24T17:25:11 IST" duration-ms="18164" status="PASS">
          <reporter-output>
          </reporter-output>
        </test-method> <!-- DepositLimit -->
        <test-method is-config="true" signature="closeApp()[pri:0, instance:Pokerbazi.TBD018@2e8c1c9b]" started-at="2022-02-24T17:25:11 IST" name="closeApp" finished-at="2022-02-24T17:25:11 IST" duration-ms="0" status="PASS">
          <reporter-output>
          </reporter-output>
        </test-method> <!-- closeApp -->
      </class> <!-- Pokerbazi.TBD018 -->
      <class name="Pokerbazi.TBD008">
        <test-method is-config="true" signature="openApp()[pri:0, instance:Pokerbazi.TBD008@76a4ebf2]" started-at="2022-02-24T17:23:29 IST" name="openApp" finished-at="2022-02-24T17:24:03 IST" duration-ms="33948" status="PASS">
          <reporter-output>
          </reporter-output>
        </test-method> <!-- openApp -->
        <test-method signature="tbd008()[pri:0, instance:Pokerbazi.TBD008@76a4ebf2]" started-at="2022-02-24T17:24:03 IST" name="tbd008" finished-at="2022-02-24T17:24:38 IST" duration-ms="34705" status="FAIL">
          <exception class="java.lang.AssertionError">
            <message>
              <![CDATA[unable to click on Proceed To Payment button]]>
            </message>
            <full-stacktrace>
              <![CDATA[java.lang.AssertionError: unable to click on Proceed To Payment button
at org.testng.Assert.fail(Assert.java:99)
at PokerBaziPom.PaymentModePage.clkOnProceedToPayment(PaymentModePage.java:143)
at Pokerbazi.TBD008.tbd008(TBD008.java:47)
at java.base/jdk.internal.reflect.NativeMethodAccessorImpl.invoke0(Native Method)
at java.base/jdk.internal.reflect.NativeMethodAccessorImpl.invoke(NativeMethodAccessorImpl.java:77)
at java.base/jdk.internal.reflect.DelegatingMethodAccessorImpl.invoke(DelegatingMethodAccessorImpl.java:43)
at java.base/java.lang.reflect.Method.invoke(Method.java:568)
at org.testng.internal.MethodInvocationHelper.invokeMethod(MethodInvocationHelper.java:133)
at org.testng.internal.TestInvoker.invokeMethod(TestInvoker.java:598)
at org.testng.internal.TestInvoker.invokeTestMethod(TestInvoker.java:173)
at org.testng.internal.MethodRunner.runInSequence(MethodRunner.java:46)
at org.testng.internal.TestInvoker$MethodInvocationAgent.invoke(TestInvoker.java:824)
at org.testng.internal.TestInvoker.invokeTestMethods(TestInvoker.java:146)
at org.testng.internal.TestMethodWorker.invokeTestMethods(TestMethodWorker.java:146)
at org.testng.internal.TestMethodWorker.run(TestMethodWorker.java:128)
at java.base/java.util.ArrayList.forEach(ArrayList.java:1511)
at org.testng.TestRunner.privateRun(TestRunner.java:794)
at org.testng.TestRunner.run(TestRunner.java:596)
at org.testng.SuiteRunner.runTest(SuiteRunner.java:377)
at org.testng.SuiteRunner.access$000(SuiteRunner.java:28)
at org.testng.SuiteRunner$SuiteWorker.run(SuiteRunner.java:418)
at org.testng.internal.thread.ThreadUtil.lambda$execute$0(ThreadUtil.java:64)
at java.base/java.util.concurrent.FutureTask.run(FutureTask.java:264)
at java.base/java.util.concurrent.ThreadPoolExecutor.runWorker(ThreadPoolExecutor.java:1136)
at java.base/java.util.concurrent.ThreadPoolExecutor$Worker.run(ThreadPoolExecutor.java:635)
at java.base/java.lang.Thread.run(Thread.java:833)
]]>
            </full-stacktrace>
          </exception> <!-- java.lang.AssertionError -->
          <reporter-output>
          </reporter-output>
        </test-method> <!-- tbd008 -->
        <test-method is-config="true" signature="closeApp()[pri:0, instance:Pokerbazi.TBD008@76a4ebf2]" started-at="2022-02-24T17:24:39 IST" name="closeApp" finished-at="2022-02-24T17:24:39 IST" duration-ms="0" status="PASS">
          <reporter-output>
          </reporter-output>
        </test-method> <!-- closeApp -->
      </class> <!-- Pokerbazi.TBD008 -->
      <class name="Pokerbazi.TBD023">
        <test-method is-config="true" signature="openApp()[pri:0, instance:Pokerbazi.TBD023@53fe15ff]" started-at="2022-02-24T17:25:11 IST" name="openApp" finished-at="2022-02-24T17:25:24 IST" duration-ms="12698" status="PASS">
          <reporter-output>
          </reporter-output>
        </test-method> <!-- openApp -->
        <test-method signature="TBD023()[pri:0, instance:Pokerbazi.TBD023@53fe15ff]" started-at="2022-02-24T17:25:24 IST" name="TBD023" finished-at="2022-02-24T17:25:58 IST" duration-ms="34100" status="FAIL">
          <exception class="java.lang.AssertionError">
            <message>
              <![CDATA[expected [The amount must be at least 100] but found []]]>
            </message>
            <full-stacktrace>
              <![CDATA[java.lang.AssertionError: expected [The amount must be at least 100] but found []
at org.testng.Assert.fail(Assert.java:99)
at org.testng.Assert.failNotEquals(Assert.java:1037)
at org.testng.Assert.assertEqualsImpl(Assert.java:140)
at org.testng.Assert.assertEquals(Assert.java:122)
at org.testng.Assert.assertEquals(Assert.java:629)
at org.testng.Assert.assertEquals(Assert.java:639)
at PokerBaziPom.AddMoneyPage.varifyTheKycPage(AddMoneyPage.java:158)
at Pokerbazi.TBD023.TBD023(TBD023.java:46)
at java.base/jdk.internal.reflect.NativeMethodAccessorImpl.invoke0(Native Method)
at java.base/jdk.internal.reflect.NativeMethodAccessorImpl.invoke(NativeMethodAccessorImpl.java:77)
at java.base/jdk.internal.reflect.DelegatingMethodAccessorImpl.invoke(DelegatingMethodAccessorImpl.java:43)
at java.base/java.lang.reflect.Method.invoke(Method.java:568)
at org.testng.internal.MethodInvocationHelper.invokeMethod(MethodInvocationHelper.java:133)
at org.testng.internal.TestInvoker.invokeMethod(TestInvoker.java:598)
at org.testng.internal.TestInvoker.invokeTestMethod(TestInvoker.java:173)
at org.testng.internal.MethodRunner.runInSequence(MethodRunner.java:46)
at org.testng.internal.TestInvoker$MethodInvocationAgent.invoke(TestInvoker.java:824)
at org.testng.internal.TestInvoker.invokeTestMethods(TestInvoker.java:146)
at org.testng.internal.TestMethodWorker.invokeTestMethods(TestMethodWorker.java:146)
at org.testng.internal.TestMethodWorker.run(TestMethodWorker.java:128)
at java.base/java.util.ArrayList.forEach(ArrayList.java:1511)
at org.testng.TestRunner.privateRun(TestRunner.java:794)
at org.testng.TestRunner.run(TestRunner.java:596)
at org.testng.SuiteRunner.runTest(SuiteRunner.java:377)
at org.testng.SuiteRunner.access$000(SuiteRunner.java:28)
at org.testng.SuiteRunner$SuiteWorker.run(SuiteRunner.java:418)
at org.testng.internal.thread.ThreadUtil.lambda$execute$0(ThreadUtil.java:64)
at java.base/java.util.concurrent.FutureTask.run(FutureTask.java:264)
at java.base/java.util.concurrent.ThreadPoolExecutor.runWorker(ThreadPoolExecutor.java:1136)
at java.base/java.util.concurrent.ThreadPoolExecutor$Worker.run(ThreadPoolExecutor.java:635)
at java.base/java.lang.Thread.run(Thread.java:833)
]]>
            </full-stacktrace>
          </exception> <!-- java.lang.AssertionError -->
          <reporter-output>
          </reporter-output>
        </test-method> <!-- TBD023 -->
        <test-method is-config="true" signature="closeApp()[pri:0, instance:Pokerbazi.TBD023@53fe15ff]" started-at="2022-02-24T17:25:58 IST" name="closeApp" finished-at="2022-02-24T17:25:58 IST" duration-ms="2" status="PASS">
          <reporter-output>
          </reporter-output>
        </test-method> <!-- closeApp -->
      </class> <!-- Pokerbazi.TBD023 -->
      <class name="Pokerbazi.TBD025">
        <test-method is-config="true" signature="openApp()[pri:0, instance:Pokerbazi.TBD025@449a4f23]" started-at="2022-02-24T17:25:58 IST" name="openApp" finished-at="2022-02-24T17:26:07 IST" duration-ms="9514" status="PASS">
          <reporter-output>
          </reporter-output>
        </test-method> <!-- openApp -->
        <test-method signature="TBD025()[pri:0, instance:Pokerbazi.TBD025@449a4f23]" started-at="2022-02-24T17:26:07 IST" name="TBD025" finished-at="2022-02-24T17:26:17 IST" duration-ms="9318" status="FAIL">
          <exception class="java.lang.AssertionError">
            <message>
              <![CDATA[unable to click on cashier button ]]>
            </message>
            <full-stacktrace>
              <![CDATA[java.lang.AssertionError: unable to click on cashier button 
at org.testng.Assert.fail(Assert.java:99)
at PokerBaziPom.Dashboard_Page.cashierClk(Dashboard_Page.java:52)
at Pokerbazi.TBD025.TBD025(TBD025.java:35)
at java.base/jdk.internal.reflect.NativeMethodAccessorImpl.invoke0(Native Method)
at java.base/jdk.internal.reflect.NativeMethodAccessorImpl.invoke(NativeMethodAccessorImpl.java:77)
at java.base/jdk.internal.reflect.DelegatingMethodAccessorImpl.invoke(DelegatingMethodAccessorImpl.java:43)
at java.base/java.lang.reflect.Method.invoke(Method.java:568)
at org.testng.internal.MethodInvocationHelper.invokeMethod(MethodInvocationHelper.java:133)
at org.testng.internal.TestInvoker.invokeMethod(TestInvoker.java:598)
at org.testng.internal.TestInvoker.invokeTestMethod(TestInvoker.java:173)
at org.testng.internal.MethodRunner.runInSequence(MethodRunner.java:46)
at org.testng.internal.TestInvoker$MethodInvocationAgent.invoke(TestInvoker.java:824)
at org.testng.internal.TestInvoker.invokeTestMethods(TestInvoker.java:146)
at org.testng.internal.TestMethodWorker.invokeTestMethods(TestMethodWorker.java:146)
at org.testng.internal.TestMethodWorker.run(TestMethodWorker.java:128)
at java.base/java.util.ArrayList.forEach(ArrayList.java:1511)
at org.testng.TestRunner.privateRun(TestRunner.java:794)
at org.testng.TestRunner.run(TestRunner.java:596)
at org.testng.SuiteRunner.runTest(SuiteRunner.java:377)
at org.testng.SuiteRunner.access$000(SuiteRunner.java:28)
at org.testng.SuiteRunner$SuiteWorker.run(SuiteRunner.java:418)
at org.testng.internal.thread.ThreadUtil.lambda$execute$0(ThreadUtil.java:64)
at java.base/java.util.concurrent.FutureTask.run(FutureTask.java:264)
at java.base/java.util.concurrent.ThreadPoolExecutor.runWorker(ThreadPoolExecutor.java:1136)
at java.base/java.util.concurrent.ThreadPoolExecutor$Worker.run(ThreadPoolExecutor.java:635)
at java.base/java.lang.Thread.run(Thread.java:833)
]]>
            </full-stacktrace>
          </exception> <!-- java.lang.AssertionError -->
          <reporter-output>
          </reporter-output>
        </test-method> <!-- TBD025 -->
        <test-method is-config="true" signature="closeApp()[pri:0, instance:Pokerbazi.TBD025@449a4f23]" started-at="2022-02-24T17:26:17 IST" name="closeApp" finished-at="2022-02-24T17:26:17 IST" duration-ms="1" status="PASS">
          <reporter-output>
          </reporter-output>
        </test-method> <!-- closeApp -->
      </class> <!-- Pokerbazi.TBD025 -->
    </test> <!-- Test-Runner-Firefox -->
    <test started-at="2022-02-24T17:21:55 IST" name="Test-Runner-Chrome1" finished-at="2022-02-24T17:28:59 IST" duration-ms="424004">
      <class name="Pokerbazi.TBD001">
        <test-method is-config="true" signature="openApp()[pri:0, instance:Pokerbazi.TBD001@48aca48b]" started-at="2022-02-24T17:21:56 IST" name="openApp" finished-at="2022-02-24T17:22:26 IST" duration-ms="30638" status="PASS">
          <reporter-output>
          </reporter-output>
        </test-method> <!-- openApp -->
        <test-method signature="tbd001()[pri:0, instance:Pokerbazi.TBD001@48aca48b]" started-at="2022-02-24T17:22:26 IST" name="tbd001" finished-at="2022-02-24T17:23:12 IST" duration-ms="45977" status="PASS">
          <reporter-output>
          </reporter-output>
        </test-method> <!-- tbd001 -->
        <test-method is-config="true" signature="closeApp()[pri:0, instance:Pokerbazi.TBD001@48aca48b]" started-at="2022-02-24T17:23:12 IST" name="closeApp" finished-at="2022-02-24T17:23:12 IST" duration-ms="1" status="PASS">
          <reporter-output>
          </reporter-output>
        </test-method> <!-- closeApp -->
      </class> <!-- Pokerbazi.TBD001 -->
      <class name="Pokerbazi.TBD002">
        <test-method is-config="true" signature="openApp()[pri:0, instance:Pokerbazi.TBD002@273e7444]" started-at="2022-02-24T17:23:12 IST" name="openApp" finished-at="2022-02-24T17:23:55 IST" duration-ms="43139" status="PASS">
          <reporter-output>
          </reporter-output>
        </test-method> <!-- openApp -->
        <test-method signature="tbd002()[pri:0, instance:Pokerbazi.TBD002@273e7444]" started-at="2022-02-24T17:23:55 IST" name="tbd002" finished-at="2022-02-24T17:24:33 IST" duration-ms="38060" status="FAIL">
          <exception class="java.lang.AssertionError">
            <message>
              <![CDATA[unable to click on Proceed To Payment button]]>
            </message>
            <full-stacktrace>
              <![CDATA[java.lang.AssertionError: unable to click on Proceed To Payment button
at org.testng.Assert.fail(Assert.java:99)
at PokerBaziPom.PaymentModePage.clkOnProceedToPayment(PaymentModePage.java:143)
at Pokerbazi.TBD002.tbd002(TBD002.java:46)
at java.base/jdk.internal.reflect.NativeMethodAccessorImpl.invoke0(Native Method)
at java.base/jdk.internal.reflect.NativeMethodAccessorImpl.invoke(NativeMethodAccessorImpl.java:77)
at java.base/jdk.internal.reflect.DelegatingMethodAccessorImpl.invoke(DelegatingMethodAccessorImpl.java:43)
at java.base/java.lang.reflect.Method.invoke(Method.java:568)
at org.testng.internal.MethodInvocationHelper.invokeMethod(MethodInvocationHelper.java:133)
at org.testng.internal.TestInvoker.invokeMethod(TestInvoker.java:598)
at org.testng.internal.TestInvoker.invokeTestMethod(TestInvoker.java:173)
at org.testng.internal.MethodRunner.runInSequence(MethodRunner.java:46)
at org.testng.internal.TestInvoker$MethodInvocationAgent.invoke(TestInvoker.java:824)
at org.testng.internal.TestInvoker.invokeTestMethods(TestInvoker.java:146)
at org.testng.internal.TestMethodWorker.invokeTestMethods(TestMethodWorker.java:146)
at org.testng.internal.TestMethodWorker.run(TestMethodWorker.java:128)
at java.base/java.util.ArrayList.forEach(ArrayList.java:1511)
at org.testng.TestRunner.privateRun(TestRunner.java:794)
at org.testng.TestRunner.run(TestRunner.java:596)
at org.testng.SuiteRunner.runTest(SuiteRunner.java:377)
at org.testng.SuiteRunner.access$000(SuiteRunner.java:28)
at org.testng.SuiteRunner$SuiteWorker.run(SuiteRunner.java:418)
at org.testng.internal.thread.ThreadUtil.lambda$execute$0(ThreadUtil.java:64)
at java.base/java.util.concurrent.FutureTask.run(FutureTask.java:264)
at java.base/java.util.concurrent.ThreadPoolExecutor.runWorker(ThreadPoolExecutor.java:1136)
at java.base/java.util.concurrent.ThreadPoolExecutor$Worker.run(ThreadPoolExecutor.java:635)
at java.base/java.lang.Thread.run(Thread.java:833)
]]>
            </full-stacktrace>
          </exception> <!-- java.lang.AssertionError -->
          <reporter-output>
          </reporter-output>
        </test-method> <!-- tbd002 -->
        <test-method is-config="true" signature="closeApp()[pri:0, instance:Pokerbazi.TBD002@273e7444]" started-at="2022-02-24T17:24:34 IST" name="closeApp" finished-at="2022-02-24T17:24:34 IST" duration-ms="0" status="PASS">
          <reporter-output>
          </reporter-output>
        </test-method> <!-- closeApp -->
      </class> <!-- Pokerbazi.TBD002 -->
      <class name="Pokerbazi.TBD003">
        <test-method is-config="true" signature="openApp()[pri:0, instance:Pokerbazi.TBD003@7db12bb6]" started-at="2022-02-24T17:24:34 IST" name="openApp" finished-at="2022-02-24T17:24:51 IST" duration-ms="16887" status="PASS">
          <reporter-output>
          </reporter-output>
        </test-method> <!-- openApp -->
        <test-method signature="tbd003()[pri:0, instance:Pokerbazi.TBD003@7db12bb6]" started-at="2022-02-24T17:24:51 IST" name="tbd003" finished-at="2022-02-24T17:26:31 IST" duration-ms="99992" status="PASS">
          <reporter-output>
          </reporter-output>
        </test-method> <!-- tbd003 -->
        <test-method is-config="true" signature="closeApp()[pri:0, instance:Pokerbazi.TBD003@7db12bb6]" started-at="2022-02-24T17:26:31 IST" name="closeApp" finished-at="2022-02-24T17:26:31 IST" duration-ms="3" status="PASS">
          <reporter-output>
          </reporter-output>
        </test-method> <!-- closeApp -->
      </class> <!-- Pokerbazi.TBD003 -->
      <class name="Pokerbazi.TBD004">
        <test-method is-config="true" signature="openApp()[pri:0, instance:Pokerbazi.TBD004@783a467b]" started-at="2022-02-24T17:26:31 IST" name="openApp" finished-at="2022-02-24T17:26:40 IST" duration-ms="9776" status="PASS">
          <reporter-output>
          </reporter-output>
        </test-method> <!-- openApp -->
        <test-method signature="tbd004()[pri:0, instance:Pokerbazi.TBD004@783a467b]" started-at="2022-02-24T17:26:40 IST" name="tbd004" finished-at="2022-02-24T17:27:25 IST" duration-ms="44720" status="FAIL">
          <exception class="java.lang.AssertionError">
            <message>
              <![CDATA[Unable to click on Successful]]>
            </message>
            <full-stacktrace>
              <![CDATA[java.lang.AssertionError: Unable to click on Successful
at org.testng.Assert.fail(Assert.java:99)
at PokerBaziPom.PaymentModePage.clkStstusOption(PaymentModePage.java:259)
at Pokerbazi.TBD004.tbd004(TBD004.java:58)
at java.base/jdk.internal.reflect.NativeMethodAccessorImpl.invoke0(Native Method)
at java.base/jdk.internal.reflect.NativeMethodAccessorImpl.invoke(NativeMethodAccessorImpl.java:77)
at java.base/jdk.internal.reflect.DelegatingMethodAccessorImpl.invoke(DelegatingMethodAccessorImpl.java:43)
at java.base/java.lang.reflect.Method.invoke(Method.java:568)
at org.testng.internal.MethodInvocationHelper.invokeMethod(MethodInvocationHelper.java:133)
at org.testng.internal.TestInvoker.invokeMethod(TestInvoker.java:598)
at org.testng.internal.TestInvoker.invokeTestMethod(TestInvoker.java:173)
at org.testng.internal.MethodRunner.runInSequence(MethodRunner.java:46)
at org.testng.internal.TestInvoker$MethodInvocationAgent.invoke(TestInvoker.java:824)
at org.testng.internal.TestInvoker.invokeTestMethods(TestInvoker.java:146)
at org.testng.internal.TestMethodWorker.invokeTestMethods(TestMethodWorker.java:146)
at org.testng.internal.TestMethodWorker.run(TestMethodWorker.java:128)
at java.base/java.util.ArrayList.forEach(ArrayList.java:1511)
at org.testng.TestRunner.privateRun(TestRunner.java:794)
at org.testng.TestRunner.run(TestRunner.java:596)
at org.testng.SuiteRunner.runTest(SuiteRunner.java:377)
at org.testng.SuiteRunner.access$000(SuiteRunner.java:28)
at org.testng.SuiteRunner$SuiteWorker.run(SuiteRunner.java:418)
at org.testng.internal.thread.ThreadUtil.lambda$execute$0(ThreadUtil.java:64)
at java.base/java.util.concurrent.FutureTask.run(FutureTask.java:264)
at java.base/java.util.concurrent.ThreadPoolExecutor.runWorker(ThreadPoolExecutor.java:1136)
at java.base/java.util.concurrent.ThreadPoolExecutor$Worker.run(ThreadPoolExecutor.java:635)
at java.base/java.lang.Thread.run(Thread.java:833)
]]>
            </full-stacktrace>
          </exception> <!-- java.lang.AssertionError -->
          <reporter-output>
          </reporter-output>
        </test-method> <!-- tbd004 -->
        <test-method is-config="true" signature="closeApp()[pri:0, instance:Pokerbazi.TBD004@783a467b]" started-at="2022-02-24T17:27:26 IST" name="closeApp" finished-at="2022-02-24T17:27:26 IST" duration-ms="1" status="PASS">
          <reporter-output>
          </reporter-output>
        </test-method> <!-- closeApp -->
      </class> <!-- Pokerbazi.TBD004 -->
      <class name="Pokerbazi.TBD005">
        <test-method is-config="true" signature="openApp()[pri:0, instance:Pokerbazi.TBD005@272113c4]" started-at="2022-02-24T17:27:26 IST" name="openApp" finished-at="2022-02-24T17:27:37 IST" duration-ms="10770" status="PASS">
          <reporter-output>
          </reporter-output>
        </test-method> <!-- openApp -->
        <test-method signature="tbd005()[pri:0, instance:Pokerbazi.TBD005@272113c4]" started-at="2022-02-24T17:27:37 IST" name="tbd005" finished-at="2022-02-24T17:28:07 IST" duration-ms="30178" status="PASS">
          <reporter-output>
          </reporter-output>
        </test-method> <!-- tbd005 -->
        <test-method is-config="true" signature="closeApp()[pri:0, instance:Pokerbazi.TBD005@272113c4]" started-at="2022-02-24T17:28:07 IST" name="closeApp" finished-at="2022-02-24T17:28:07 IST" duration-ms="1" status="PASS">
          <reporter-output>
          </reporter-output>
        </test-method> <!-- closeApp -->
      </class> <!-- Pokerbazi.TBD005 -->
      <class name="Pokerbazi.TBD006">
        <test-method is-config="true" signature="openApp()[pri:0, instance:Pokerbazi.TBD006@73e9cf30]" started-at="2022-02-24T17:28:07 IST" name="openApp" finished-at="2022-02-24T17:28:17 IST" duration-ms="9805" status="PASS">
          <reporter-output>
          </reporter-output>
        </test-method> <!-- openApp -->
        <test-method signature="tbd006()[pri:0, instance:Pokerbazi.TBD006@73e9cf30]" started-at="2022-02-24T17:28:17 IST" name="tbd006" finished-at="2022-02-24T17:28:59 IST" duration-ms="41714" status="PASS">
          <reporter-output>
          </reporter-output>
        </test-method> <!-- tbd006 -->
        <test-method is-config="true" signature="closeApp()[pri:0, instance:Pokerbazi.TBD006@73e9cf30]" started-at="2022-02-24T17:28:59 IST" name="closeApp" finished-at="2022-02-24T17:28:59 IST" duration-ms="0" status="PASS">
          <reporter-output>
          </reporter-output>
        </test-method> <!-- closeApp -->
      </class> <!-- Pokerbazi.TBD006 -->
    </test> <!-- Test-Runner-Chrome1 -->
  </suite> <!-- Suite -->
</testng-results>
